<?xml version="1.0" encoding="UTF-8"?>
<!-- Generated by org.testng.reporters.JUnitXMLReporter -->
<testsuite hostname="LAPTOP-4MO39718" name="Login guru on Chrome" tests="10" failures="0" timestamp="15 Jun 2019 10:02:44 GMT" time="62.573" errors="0">
  <testcase name="getAccountRegister" time="1.332" classname="BankGuruTestcases.RegisterScript"/>
  <testcase name="TC_01_CustomerCannotBlank" time="0.176" classname="BankGuruTestcases.NewCustomerScript"/>
  <testcase name="TC_02_DateFieldCannotBlank" time="0.155" classname="BankGuruTestcases.NewCustomerScript"/>
  <testcase name="TC_03_SignUpNewCustomer" time="3.064" classname="BankGuruTestcases.NewCustomerScript"/>
  <testcase name="TC_01_EditAddress" time="1.53" classname="BankGuruTestcases.EditCustomerScript"/>
  <testcase name="TC_02_EditCity" time="1.542" classname="BankGuruTestcases.EditCustomerScript"/>
  <testcase name="TC_03_EditState" time="1.411" classname="BankGuruTestcases.EditCustomerScript"/>
  <testcase name="TC_04_EditPin" time="1.727" classname="BankGuruTestcases.EditCustomerScript"/>
  <testcase name="TC_05_EditPhone" time="1.627" classname="BankGuruTestcases.EditCustomerScript"/>
  <testcase name="TC_06_EditEmail" time="1.48" classname="BankGuruTestcases.EditCustomerScript"/>
</testsuite> <!-- Login guru on Chrome -->
